<?xml version="1.0" encoding="UTF-8"?>
<!-- Generated by org.testng.reporters.JUnitXMLReporter -->
<testsuite ignored="0" hostname="ZCHD-CQR-UTKARSH-SHWETAM" failures="0" tests="7" name="Default test" time="6.81" errors="0" timestamp="26 May 2022 09:15:15 GMT">
  <testcase classname="Apitesting.sampleproject.TestCases" name="testCreateUser" time="2.261"/>
  <testcase classname="Apitesting.sampleproject.TestCases" name="testFetchUser" time="0.598"/>
  <testcase classname="Apitesting.sampleproject.TestCases" name="testGetListResourceUser" time="0.61"/>
  <testcase classname="Apitesting.sampleproject.TestCases" name="testGetListSingleUser" time="0.555"/>
  <testcase classname="Apitesting.sampleproject.TestCases" name="testLoginUser" time="0.546"/>
  <testcase classname="Apitesting.sampleproject.TestCases" name="testLoginUserUnsuccessfull" time="0.556"/>
  <testcase classname="Apitesting.sampleproject.TestCases" name="testRegisterUser" time="0.548"/>
</testsuite> <!-- Default test -->
