<?xml version="1.0" encoding="UTF-8"?>
<!-- Generated by org.testng.reporters.JUnitXMLReporter -->
<testsuite ignored="6" hostname="ZCHD-CQR-UTKARSH-SHWETAM" failures="0" tests="1" name="Default test" time="2.585" errors="0" timestamp="25 May 2022 10:44:56 GMT">
  <testcase classname="Apitesting.sampleproject.TestCases" name="testLoginUserUnsuccessfull" time="1.886"/>
  <testcase classname="Apitesting.sampleproject.TestCases" name="testCreateUser" time="0.0">
    <ignored/>
  </testcase> <!-- testCreateUser -->
  <testcase classname="Apitesting.sampleproject.TestCases" name="testLoginUser" time="0.0">
    <ignored/>
  </testcase> <!-- testLoginUser -->
  <testcase classname="Apitesting.sampleproject.TestCases" name="testGetListResourceUser" time="0.0">
    <ignored/>
  </testcase> <!-- testGetListResourceUser -->
  <testcase classname="Apitesting.sampleproject.TestCases" name="testGetListSingleUser" time="0.0">
    <ignored/>
  </testcase> <!-- testGetListSingleUser -->
  <testcase classname="Apitesting.sampleproject.TestCases" name="testFetchUser" time="0.0">
    <ignored/>
  </testcase> <!-- testFetchUser -->
  <testcase classname="Apitesting.sampleproject.TestCases" name="testRegisterUser" time="0.0">
    <ignored/>
  </testcase> <!-- testRegisterUser -->
</testsuite> <!-- Default test -->
