<?xml version="1.0" encoding="UTF-8"?>
<testng-results ignored="6" total="7" passed="1" failed="0" skipped="0">
  <reporter-output>
  </reporter-output>
  <suite started-at="2022-05-25T10:44:53Z" name="Default suite" finished-at="2022-05-25T10:44:56Z" duration-ms="2585">
    <groups>
    </groups>
    <test started-at="2022-05-25T10:44:53Z" name="Default test" finished-at="2022-05-25T10:44:56Z" duration-ms="2585">
      <class name="Apitesting.sampleproject.TestCases">
        <test-method is-config="true" signature="setSpecification()[pri:0, instance:Apitesting.sampleproject.TestCases@44c73c26]" started-at="2022-05-25T10:44:53Z" name="setSpecification" finished-at="2022-05-25T10:44:54Z" duration-ms="669" status="PASS">
          <reporter-output>
          </reporter-output>
        </test-method> <!-- setSpecification -->
        <test-method signature="testLoginUserUnsuccessfull()[pri:0, instance:Apitesting.sampleproject.TestCases@44c73c26]" started-at="2022-05-25T10:44:54Z" name="testLoginUserUnsuccessfull" finished-at="2022-05-25T10:44:56Z" duration-ms="1886" status="PASS">
          <reporter-output>
          </reporter-output>
        </test-method> <!-- testLoginUserUnsuccessfull -->
      </class> <!-- Apitesting.sampleproject.TestCases -->
    </test> <!-- Default test -->
  </suite> <!-- Default suite -->
</testng-results>
